  GameManager.cpp
  Monster.cpp
  MoveActor.cpp
  Npc.cpp
  Player.cpp
c:\users\administrator\source\repos\dungenrpg\dungenrpg\player.cpp(42): warning C4996: 'kbhit': The POSIX name for this item is deprecated. Instead, use the ISO C and C++ conformant name: _kbhit. See online help for details.
  c:\program files (x86)\windows kits\10\include\10.0.17134.0\ucrt\conio.h(459): note: 'kbhit' 선언을 참조하십시오.
c:\users\administrator\source\repos\dungenrpg\dungenrpg\player.cpp(44): warning C4996: 'getch': The POSIX name for this item is deprecated. Instead, use the ISO C and C++ conformant name: _getch. See online help for details.
  c:\program files (x86)\windows kits\10\include\10.0.17134.0\ucrt\conio.h(453): note: 'getch' 선언을 참조하십시오.
  Potal.cpp
  Scene.cpp
c:\users\administrator\source\repos\dungenrpg\dungenrpg\scene.cpp(153): warning C4996: 'strtok': This function or variable may be unsafe. Consider using strtok_s instead. To disable deprecation, use _CRT_SECURE_NO_WARNINGS. See online help for details.
  c:\program files (x86)\windows kits\10\include\10.0.17134.0\ucrt\string.h(440): note: 'strtok' 선언을 참조하십시오.
c:\users\administrator\source\repos\dungenrpg\dungenrpg\scene.cpp(155): warning C4996: 'strtok': This function or variable may be unsafe. Consider using strtok_s instead. To disable deprecation, use _CRT_SECURE_NO_WARNINGS. See online help for details.
  c:\program files (x86)\windows kits\10\include\10.0.17134.0\ucrt\string.h(440): note: 'strtok' 선언을 참조하십시오.
c:\users\administrator\source\repos\dungenrpg\dungenrpg\scene.cpp(157): warning C4996: 'strtok': This function or variable may be unsafe. Consider using strtok_s instead. To disable deprecation, use _CRT_SECURE_NO_WARNINGS. See online help for details.
  c:\program files (x86)\windows kits\10\include\10.0.17134.0\ucrt\string.h(440): note: 'strtok' 선언을 참조하십시오.
  main.cpp
  messageB.cpp
  코드를 생성하고 있습니다...
  DungenRPG.vcxproj -> C:\Users\Administrator\source\repos\DungenRPG\Debug\DungenRPG.exe
