c:\users\administrator\source\repos\dungenrpg\dungenrpg\debug\vc141.pdb
c:\users\administrator\source\repos\dungenrpg\dungenrpg\debug\vc141.idb
c:\users\administrator\source\repos\dungenrpg\dungenrpg\debug\main.obj
c:\users\administrator\source\repos\dungenrpg\dungenrpg\debug\wall.obj
c:\users\administrator\source\repos\dungenrpg\dungenrpg\debug\scene.obj
c:\users\administrator\source\repos\dungenrpg\dungenrpg\debug\potal.obj
c:\users\administrator\source\repos\dungenrpg\dungenrpg\debug\player.obj
c:\users\administrator\source\repos\dungenrpg\dungenrpg\debug\moveactor.obj
c:\users\administrator\source\repos\dungenrpg\dungenrpg\debug\monster.obj
c:\users\administrator\source\repos\dungenrpg\dungenrpg\debug\actor.obj
c:\users\administrator\source\repos\dungenrpg\dungenrpg\debug\acotrstr.obj
c:\users\administrator\source\repos\dungenrpg\dungenrpg\debug\gamemanager.obj
c:\users\administrator\source\repos\dungenrpg\debug\dungenrpg.exe
c:\users\administrator\source\repos\dungenrpg\debug\dungenrpg.ilk
c:\users\administrator\source\repos\dungenrpg\debug\dungenrpg.pdb
c:\users\administrator\source\repos\dungenrpg\dungenrpg\debug\dungenrpg.tlog\cl.command.1.tlog
c:\users\administrator\source\repos\dungenrpg\dungenrpg\debug\dungenrpg.tlog\cl.read.1.tlog
c:\users\administrator\source\repos\dungenrpg\dungenrpg\debug\dungenrpg.tlog\cl.write.1.tlog
c:\users\administrator\source\repos\dungenrpg\dungenrpg\debug\dungenrpg.tlog\link.command.1.tlog
c:\users\administrator\source\repos\dungenrpg\dungenrpg\debug\dungenrpg.tlog\link.read.1.tlog
c:\users\administrator\source\repos\dungenrpg\dungenrpg\debug\dungenrpg.tlog\link.write.1.tlog
