  BadugiMain.cpp
d:\neople\study\windowsocket\badugi\badugiclient\badugiclient\badugimain.cpp(68): warning C4101: 'client_sock' :참조되지 않은 지역 변수입니다.
d:\neople\study\windowsocket\badugi\badugiclient\badugiclient\badugimain.cpp(69): warning C4101: 'clientaddr' :참조되지 않은 지역 변수입니다.
  GameTableScene.cpp
d:\neople\study\windowsocket\badugi\badugiclient\badugiclient\gametablescene.cpp(15): warning C4267: '=': 'size_t'에서 'int'(으)로 변환하면서 데이터가 손실될 수 있습니다.
d:\neople\study\windowsocket\badugi\badugiclient\badugiclient\gametablescene.cpp(17): warning C4267: '=': 'size_t'에서 'WORD'(으)로 변환하면서 데이터가 손실될 수 있습니다.
d:\neople\study\windowsocket\badugi\badugiclient\badugiclient\gametablescene.cpp(16): warning C4996: 'strcpy': This function or variable may be unsafe. Consider using strcpy_s instead. To disable deprecation, use _CRT_SECURE_NO_WARNINGS. See online help for details.
  c:\program files (x86)\windows kits\10\include\10.0.17134.0\ucrt\string.h(133): note: 'strcpy' 선언을 참조하십시오.
d:\neople\study\windowsocket\badugi\badugiclient\badugiclient\gametablescene.cpp(287): warning C4267: '인수': 'size_t'에서 'int'(으)로 변환하면서 데이터가 손실될 수 있습니다.
d:\neople\study\windowsocket\badugi\badugiclient\badugiclient\gametablescene.cpp(520): warning C4267: '인수': 'size_t'에서 'int'(으)로 변환하면서 데이터가 손실될 수 있습니다.
  LobbyScene.cpp
d:\neople\study\windowsocket\badugi\badugiclient\badugiclient\lobbyscene.cpp(60): warning C4267: '=': 'size_t'에서 'int'(으)로 변환하면서 데이터가 손실될 수 있습니다.
d:\neople\study\windowsocket\badugi\badugiclient\badugiclient\lobbyscene.cpp(62): warning C4267: '=': 'size_t'에서 'WORD'(으)로 변환하면서 데이터가 손실될 수 있습니다.
d:\neople\study\windowsocket\badugi\badugiclient\badugiclient\lobbyscene.cpp(61): warning C4996: 'strcpy': This function or variable may be unsafe. Consider using strcpy_s instead. To disable deprecation, use _CRT_SECURE_NO_WARNINGS. See online help for details.
  c:\program files (x86)\windows kits\10\include\10.0.17134.0\ucrt\string.h(133): note: 'strcpy' 선언을 참조하십시오.
d:\neople\study\windowsocket\badugi\badugiclient\badugiclient\lobbyscene.cpp(95): warning C4996: 'strcpy': This function or variable may be unsafe. Consider using strcpy_s instead. To disable deprecation, use _CRT_SECURE_NO_WARNINGS. See online help for details.
  c:\program files (x86)\windows kits\10\include\10.0.17134.0\ucrt\string.h(133): note: 'strcpy' 선언을 참조하십시오.
d:\neople\study\windowsocket\badugi\badugiclient\badugiclient\lobbyscene.cpp(141): warning C4267: '인수': 'size_t'에서 'int'(으)로 변환하면서 데이터가 손실될 수 있습니다.
d:\neople\study\windowsocket\badugi\badugiclient\badugiclient\lobbyscene.cpp(142): warning C4267: '인수': 'size_t'에서 'int'(으)로 변환하면서 데이터가 손실될 수 있습니다.
d:\neople\study\windowsocket\badugi\badugiclient\badugiclient\lobbyscene.cpp(144): warning C4267: '인수': 'size_t'에서 'int'(으)로 변환하면서 데이터가 손실될 수 있습니다.
d:\neople\study\windowsocket\badugi\badugiclient\badugiclient\lobbyscene.cpp(146): warning C4267: '인수': 'size_t'에서 'int'(으)로 변환하면서 데이터가 손실될 수 있습니다.
d:\neople\study\windowsocket\badugi\badugiclient\badugiclient\lobbyscene.cpp(152): warning C4267: '인수': 'size_t'에서 'int'(으)로 변환하면서 데이터가 손실될 수 있습니다.
  LoginScene.cpp
d:\neople\study\windowsocket\badugi\badugiclient\badugiclient\loginscene.cpp(12): warning C4996: 'strcpy': This function or variable may be unsafe. Consider using strcpy_s instead. To disable deprecation, use _CRT_SECURE_NO_WARNINGS. See online help for details.
  c:\program files (x86)\windows kits\10\include\10.0.17134.0\ucrt\string.h(133): note: 'strcpy' 선언을 참조하십시오.
d:\neople\study\windowsocket\badugi\badugiclient\badugiclient\loginscene.cpp(13): warning C4996: 'strcpy': This function or variable may be unsafe. Consider using strcpy_s instead. To disable deprecation, use _CRT_SECURE_NO_WARNINGS. See online help for details.
  c:\program files (x86)\windows kits\10\include\10.0.17134.0\ucrt\string.h(133): note: 'strcpy' 선언을 참조하십시오.
  Main.cpp
d:\neople\study\windowsocket\badugi\badugiclient\badugiclient\main.cpp(55): warning C4996: 'inet_addr': Use inet_pton() or InetPton() instead or define _WINSOCK_DEPRECATED_NO_WARNINGS to disable deprecated API warnings
  c:\program files (x86)\windows kits\10\include\10.0.17134.0\um\winsock2.h(1830): note: 'inet_addr' 선언을 참조하십시오.
d:\neople\study\windowsocket\badugi\badugiclient\badugiclient\main.cpp(63): warning C4996: 'WSAAsyncSelect': Use WSAEventSelect() instead or define _WINSOCK_DEPRECATED_NO_WARNINGS to disable deprecated API warnings
  c:\program files (x86)\windows kits\10\include\10.0.17134.0\um\winsock2.h(2679): note: 'WSAAsyncSelect' 선언을 참조하십시오.
  Scene.cpp
  코드를 생성하고 있습니다...
  BadugiClient.vcxproj -> D:\Neople\study\WindowSocket\Badugi\BadugiClient\x64\Debug\BadugiClient.exe
