  CatchMineMain.cpp
c:\users\administrator\documents\repo\study\windowsocket\chatchmind\chatchmindclient\chatchmindclient\catchminemain.cpp(52): warning C4996: 'itoa': The POSIX name for this item is deprecated. Instead, use the ISO C and C++ conformant name: _itoa. See online help for details.
  c:\program files (x86)\windows kits\10\include\10.0.17134.0\ucrt\stdlib.h(1323): note: 'itoa' 선언을 참조하십시오.
c:\users\administrator\documents\repo\study\windowsocket\chatchmind\chatchmindclient\chatchmindclient\catchminemain.cpp(53): warning C4996: 'itoa': The POSIX name for this item is deprecated. Instead, use the ISO C and C++ conformant name: _itoa. See online help for details.
  c:\program files (x86)\windows kits\10\include\10.0.17134.0\ucrt\stdlib.h(1323): note: 'itoa' 선언을 참조하십시오.
  LobbyScene.cpp
c:\users\administrator\documents\repo\study\windowsocket\chatchmind\chatchmindclient\chatchmindclient\lobbyscene.cpp(40): warning C4267: '=': 'size_t'에서 'WORD'(으)로 변환하면서 데이터가 손실될 수 있습니다.
c:\users\administrator\documents\repo\study\windowsocket\chatchmind\chatchmindclient\chatchmindclient\lobbyscene.cpp(39): warning C4996: 'strcpy': This function or variable may be unsafe. Consider using strcpy_s instead. To disable deprecation, use _CRT_SECURE_NO_WARNINGS. See online help for details.
  c:\program files (x86)\windows kits\10\include\10.0.17134.0\ucrt\string.h(133): note: 'strcpy' 선언을 참조하십시오.
c:\users\administrator\documents\repo\study\windowsocket\chatchmind\chatchmindclient\chatchmindclient\lobbyscene.cpp(149): warning C4996: 'strcpy': This function or variable may be unsafe. Consider using strcpy_s instead. To disable deprecation, use _CRT_SECURE_NO_WARNINGS. See online help for details.
  c:\program files (x86)\windows kits\10\include\10.0.17134.0\ucrt\string.h(133): note: 'strcpy' 선언을 참조하십시오.
c:\users\administrator\documents\repo\study\windowsocket\chatchmind\chatchmindclient\chatchmindclient\lobbyscene.cpp(150): warning C4996: 'strcpy': This function or variable may be unsafe. Consider using strcpy_s instead. To disable deprecation, use _CRT_SECURE_NO_WARNINGS. See online help for details.
  c:\program files (x86)\windows kits\10\include\10.0.17134.0\ucrt\string.h(133): note: 'strcpy' 선언을 참조하십시오.
  LoginScene.cpp
c:\users\administrator\documents\repo\study\windowsocket\chatchmind\chatchmindclient\chatchmindclient\loginscene.cpp(11): warning C4996: 'strcpy': This function or variable may be unsafe. Consider using strcpy_s instead. To disable deprecation, use _CRT_SECURE_NO_WARNINGS. See online help for details.
  c:\program files (x86)\windows kits\10\include\10.0.17134.0\ucrt\string.h(133): note: 'strcpy' 선언을 참조하십시오.
c:\users\administrator\documents\repo\study\windowsocket\chatchmind\chatchmindclient\chatchmindclient\loginscene.cpp(12): warning C4996: 'strcpy': This function or variable may be unsafe. Consider using strcpy_s instead. To disable deprecation, use _CRT_SECURE_NO_WARNINGS. See online help for details.
  c:\program files (x86)\windows kits\10\include\10.0.17134.0\ucrt\string.h(133): note: 'strcpy' 선언을 참조하십시오.
  Main.cpp
  RoomScene.cpp
c:\users\administrator\documents\repo\study\windowsocket\chatchmind\chatchmindclient\chatchmindclient\roomscene.cpp(27): warning C4267: '=': 'size_t'에서 'WORD'(으)로 변환하면서 데이터가 손실될 수 있습니다.
c:\users\administrator\documents\repo\study\windowsocket\chatchmind\chatchmindclient\chatchmindclient\roomscene.cpp(25): warning C4996: 'strcpy': This function or variable may be unsafe. Consider using strcpy_s instead. To disable deprecation, use _CRT_SECURE_NO_WARNINGS. See online help for details.
  c:\program files (x86)\windows kits\10\include\10.0.17134.0\ucrt\string.h(133): note: 'strcpy' 선언을 참조하십시오.
  Sketchbook.cpp
  코드를 생성하고 있습니다...
  ChatchMindClient.vcxproj -> C:\Users\Administrator\Documents\repo\study\WindowSocket\ChatchMind\ChatchMindClient\Debug\ChatchMindClient.exe
