  LobbyServer.cpp
c:\users\administrator\documents\repo\study\windowsocket\chatchmind\common\packet_header.h(6): warning C4005: 'BUFSIZE': 매크로 재정의
  c:\users\administrator\documents\repo\study\windowsocket\chatchmind\catchmindserver\catchmindserver\common.h(4): note: 'BUFSIZE'의 이전 정의를 참조하십시오.
c:\users\administrator\documents\repo\study\windowsocket\chatchmind\catchmindserver\catchmindserver\lobbyserver.cpp(55): warning C4267: '=': 'size_t'에서 'WORD'(으)로 변환하면서 데이터가 손실될 수 있습니다.
c:\users\administrator\documents\repo\study\windowsocket\chatchmind\catchmindserver\catchmindserver\lobbyserver.cpp(54): warning C4996: 'strcpy': This function or variable may be unsafe. Consider using strcpy_s instead. To disable deprecation, use _CRT_SECURE_NO_WARNINGS. See online help for details.
  c:\program files (x86)\windows kits\10\include\10.0.17134.0\ucrt\string.h(133): note: 'strcpy' 선언을 참조하십시오.
  Main.cpp
c:\users\administrator\documents\repo\study\windowsocket\chatchmind\common\packet_header.h(6): warning C4005: 'BUFSIZE': 매크로 재정의
  c:\users\administrator\documents\repo\study\windowsocket\chatchmind\catchmindserver\catchmindserver\common.h(4): note: 'BUFSIZE'의 이전 정의를 참조하십시오.
c:\users\administrator\documents\repo\study\windowsocket\chatchmind\catchmindserver\catchmindserver\main.cpp(22): warning C4477: 'printf' : 서식 문자열 '%s'에 'char *' 형식의 인수가 필요하지만 variadic 인수 1의 형식이 'LPVOID'입니다.
c:\users\administrator\documents\repo\study\windowsocket\chatchmind\catchmindserver\catchmindserver\main.cpp(31): warning C4477: 'printf' : 서식 문자열 '%s'에 'char *' 형식의 인수가 필요하지만 variadic 인수 2의 형식이 'LPVOID'입니다.
c:\users\administrator\documents\repo\study\windowsocket\chatchmind\catchmindserver\catchmindserver\main.cpp(37): warning C4101: 'retval' :참조되지 않은 지역 변수입니다.
c:\users\administrator\documents\repo\study\windowsocket\chatchmind\catchmindserver\catchmindserver\main.cpp(94): warning C4996: 'inet_ntoa': Use inet_ntop() or InetNtop() instead or define _WINSOCK_DEPRECATED_NO_WARNINGS to disable deprecated API warnings
  c:\program files (x86)\windows kits\10\include\10.0.17134.0\um\winsock2.h(1848): note: 'inet_ntoa' 선언을 참조하십시오.
  Room.cpp
c:\users\administrator\documents\repo\study\windowsocket\chatchmind\catchmindserver\catchmindserver\room.cpp(5): warning C4996: 'strcpy': This function or variable may be unsafe. Consider using strcpy_s instead. To disable deprecation, use _CRT_SECURE_NO_WARNINGS. See online help for details.
  c:\program files (x86)\windows kits\10\include\10.0.17134.0\ucrt\string.h(133): note: 'strcpy' 선언을 참조하십시오.
  ServerMain.cpp
c:\users\administrator\documents\repo\study\windowsocket\chatchmind\common\packet_header.h(6): warning C4005: 'BUFSIZE': 매크로 재정의
  c:\users\administrator\documents\repo\study\windowsocket\chatchmind\catchmindserver\catchmindserver\common.h(4): note: 'BUFSIZE'의 이전 정의를 참조하십시오.
c:\users\administrator\documents\repo\study\windowsocket\chatchmind\catchmindserver\catchmindserver\servermain.cpp(57): warning C4477: 'printf' : 서식 문자열 '%s'에 'char *' 형식의 인수가 필요하지만 variadic 인수 1의 형식이 'LPVOID'입니다.
c:\users\administrator\documents\repo\study\windowsocket\chatchmind\catchmindserver\catchmindserver\servermain.cpp(66): warning C4477: 'printf' : 서식 문자열 '%s'에 'char *' 형식의 인수가 필요하지만 variadic 인수 2의 형식이 'LPVOID'입니다.
c:\users\administrator\documents\repo\study\windowsocket\chatchmind\catchmindserver\catchmindserver\servermain.cpp(119): warning C4996: 'inet_ntoa': Use inet_ntop() or InetNtop() instead or define _WINSOCK_DEPRECATED_NO_WARNINGS to disable deprecated API warnings
  c:\program files (x86)\windows kits\10\include\10.0.17134.0\um\winsock2.h(1848): note: 'inet_ntoa' 선언을 참조하십시오.
c:\users\administrator\documents\repo\study\windowsocket\chatchmind\catchmindserver\catchmindserver\servermain.cpp(166): warning C4996: 'strcpy': This function or variable may be unsafe. Consider using strcpy_s instead. To disable deprecation, use _CRT_SECURE_NO_WARNINGS. See online help for details.
  c:\program files (x86)\windows kits\10\include\10.0.17134.0\ucrt\string.h(133): note: 'strcpy' 선언을 참조하십시오.
  User.cpp
  코드를 생성하고 있습니다...
  CatchMindServer.vcxproj -> C:\Users\Administrator\Documents\repo\study\WindowSocket\ChatchMind\CatchMindServer\Debug\CatchMindServer.exe
