  GameTable.cpp
  LobbyServer.cpp
c:\users\administrator\documents\repo\study\windowsocket\badugi\badugiserver\badugiserver\lobbyserver.cpp(28): warning C4267: 'return': 'size_t'에서 'int'(으)로 변환하면서 데이터가 손실될 수 있습니다.
c:\users\administrator\documents\repo\study\windowsocket\badugi\badugiserver\badugiserver\lobbyserver.cpp(48): warning C4267: '=': 'size_t'에서 'int'(으)로 변환하면서 데이터가 손실될 수 있습니다.
c:\users\administrator\documents\repo\study\windowsocket\badugi\badugiserver\badugiserver\lobbyserver.cpp(49): warning C4996: 'strcpy': This function or variable may be unsafe. Consider using strcpy_s instead. To disable deprecation, use _CRT_SECURE_NO_WARNINGS. See online help for details.
  c:\program files (x86)\windows kits\10\include\10.0.17134.0\ucrt\string.h(133): note: 'strcpy' 선언을 참조하십시오.
c:\users\administrator\documents\repo\study\windowsocket\badugi\badugiserver\badugiserver\lobbyserver.cpp(50): warning C4267: '=': 'size_t'에서 'WORD'(으)로 변환하면서 데이터가 손실될 수 있습니다.
c:\users\administrator\documents\repo\study\windowsocket\badugi\badugiserver\badugiserver\lobbyserver.cpp(65): warning C4267: '=': 'size_t'에서 'WORD'(으)로 변환하면서 데이터가 손실될 수 있습니다.
c:\users\administrator\documents\repo\study\windowsocket\badugi\badugiserver\badugiserver\lobbyserver.cpp(66): warning C4267: '=': 'size_t'에서 'WORD'(으)로 변환하면서 데이터가 손실될 수 있습니다.
c:\users\administrator\documents\repo\study\windowsocket\badugi\badugiserver\badugiserver\lobbyserver.cpp(122): warning C4996: 'strcpy': This function or variable may be unsafe. Consider using strcpy_s instead. To disable deprecation, use _CRT_SECURE_NO_WARNINGS. See online help for details.
  c:\program files (x86)\windows kits\10\include\10.0.17134.0\ucrt\string.h(133): note: 'strcpy' 선언을 참조하십시오.
  Main.cpp
  ServerMain.cpp
c:\users\administrator\documents\repo\study\windowsocket\badugi\badugiserver\badugiserver\servermain.cpp(225): warning C4996: 'strcpy': This function or variable may be unsafe. Consider using strcpy_s instead. To disable deprecation, use _CRT_SECURE_NO_WARNINGS. See online help for details.
  c:\program files (x86)\windows kits\10\include\10.0.17134.0\ucrt\string.h(133): note: 'strcpy' 선언을 참조하십시오.
c:\users\administrator\documents\repo\study\windowsocket\badugi\badugiserver\badugiserver\servermain.cpp(226): warning C4996: 'strcpy': This function or variable may be unsafe. Consider using strcpy_s instead. To disable deprecation, use _CRT_SECURE_NO_WARNINGS. See online help for details.
  c:\program files (x86)\windows kits\10\include\10.0.17134.0\ucrt\string.h(133): note: 'strcpy' 선언을 참조하십시오.
c:\users\administrator\documents\repo\study\windowsocket\badugi\badugiserver\badugiserver\servermain.cpp(232): warning C4996: 'strcpy': This function or variable may be unsafe. Consider using strcpy_s instead. To disable deprecation, use _CRT_SECURE_NO_WARNINGS. See online help for details.
  c:\program files (x86)\windows kits\10\include\10.0.17134.0\ucrt\string.h(133): note: 'strcpy' 선언을 참조하십시오.
c:\users\administrator\documents\repo\study\windowsocket\badugi\badugiserver\badugiserver\servermain.cpp(252): warning C4477: 'printf' : 서식 문자열 '%s'에 'char *' 형식의 인수가 필요하지만 variadic 인수 1의 형식이 'LPVOID'입니다.
c:\users\administrator\documents\repo\study\windowsocket\badugi\badugiserver\badugiserver\servermain.cpp(261): warning C4477: 'printf' : 서식 문자열 '%s'에 'char *' 형식의 인수가 필요하지만 variadic 인수 2의 형식이 'LPVOID'입니다.
  코드를 생성하고 있습니다.
  All 780 functions were compiled because no usable IPDB/IOBJ from previous compilation was found.
  코드를 생성했습니다.
  BadugiServer.vcxproj -> C:\Users\Administrator\Documents\repo\study\WindowSocket\Badugi\BadugiServer\x64\Release\BadugiServer.exe
